<?xml version="1.0" encoding="UTF-8"?>                                                                                                                   <testsuite tests="1" failures="0" time="1" errors="0" name="dummy">                                                                                        <testcase name="dummy" status="run" time="1" classname="Results"/>                                                                                     </testsuite> 
